2014-03-17 07:20:12.080+0000 INFO  [o.n.k.i.DiagnosticsManager]: --- INITIALIZED diagnostics START ---
2014-03-17 07:20:12.080+0000 INFO  [o.n.k.i.DiagnosticsManager]: Neo4j Kernel properties:
2014-03-17 07:20:12.080+0000 INFO  [o.n.k.i.DiagnosticsManager]: neostore.propertystore.db.mapped_memory=587M
2014-03-17 07:20:12.080+0000 INFO  [o.n.k.i.DiagnosticsManager]: neostore.nodestore.db.mapped_memory=163M
2014-03-17 07:20:12.080+0000 INFO  [o.n.k.i.DiagnosticsManager]: allow_store_upgrade=false
2014-03-17 07:20:12.080+0000 INFO  [o.n.k.i.DiagnosticsManager]: neostore.relationshipstore.db.mapped_memory=720M
2014-03-17 07:20:12.080+0000 INFO  [o.n.k.i.DiagnosticsManager]: neostore.propertystore.db.strings.mapped_memory=499M
2014-03-17 07:20:12.080+0000 INFO  [o.n.k.i.DiagnosticsManager]: store_dir=/projects/test_projects_neo/neo4j-demo-app/neo4j_demo_app/db/ha_neo_2/temp-copy
2014-03-17 07:20:12.080+0000 INFO  [o.n.k.i.DiagnosticsManager]: keep_logical_logs=true
2014-03-17 07:20:12.080+0000 INFO  [o.n.k.i.DiagnosticsManager]: neostore.propertystore.db.arrays.mapped_memory=566M
2014-03-17 07:20:12.080+0000 INFO  [o.n.k.i.DiagnosticsManager]: ephemeral=false
2014-03-17 07:20:12.080+0000 INFO  [o.n.k.i.DiagnosticsManager]: Diagnostics providers:
2014-03-17 07:20:12.080+0000 INFO  [o.n.k.i.DiagnosticsManager]: org.neo4j.kernel.configuration.Config
2014-03-17 07:20:12.080+0000 INFO  [o.n.k.i.DiagnosticsManager]: org.neo4j.kernel.info.DiagnosticsManager
2014-03-17 07:20:12.080+0000 INFO  [o.n.k.i.DiagnosticsManager]: SYSTEM_MEMORY
2014-03-17 07:20:12.080+0000 INFO  [o.n.k.i.DiagnosticsManager]: JAVA_MEMORY
2014-03-17 07:20:12.080+0000 INFO  [o.n.k.i.DiagnosticsManager]: OPERATING_SYSTEM
2014-03-17 07:20:12.081+0000 INFO  [o.n.k.i.DiagnosticsManager]: JAVA_VIRTUAL_MACHINE
2014-03-17 07:20:12.083+0000 INFO  [o.n.k.i.DiagnosticsManager]: CLASSPATH
2014-03-17 07:20:12.083+0000 INFO  [o.n.k.i.DiagnosticsManager]: LIBRARY_PATH
2014-03-17 07:20:12.083+0000 INFO  [o.n.k.i.DiagnosticsManager]: SYSTEM_PROPERTIES
2014-03-17 07:20:12.083+0000 INFO  [o.n.k.i.DiagnosticsManager]: NETWORK
2014-03-17 07:20:12.083+0000 INFO  [o.n.k.i.DiagnosticsManager]: NodeCache
2014-03-17 07:20:12.083+0000 INFO  [o.n.k.i.DiagnosticsManager]: RelationshipCache
2014-03-17 07:20:12.084+0000 INFO  [o.n.k.i.DiagnosticsManager]: System memory information:
2014-03-17 07:20:12.085+0000 INFO  [o.n.k.i.DiagnosticsManager]: Total Physical memory: 6.00 GB
2014-03-17 07:20:12.085+0000 INFO  [o.n.k.i.DiagnosticsManager]: Free Physical memory: 1.06 GB
2014-03-17 07:20:12.085+0000 INFO  [o.n.k.i.DiagnosticsManager]: Committed virtual memory: 3.24 GB
2014-03-17 07:20:12.085+0000 INFO  [o.n.k.i.DiagnosticsManager]: Total swap space: 1.00 GB
2014-03-17 07:20:12.093+0000 INFO  [o.n.k.i.DiagnosticsManager]: Free swap space: 1.00 GB
2014-03-17 07:20:12.093+0000 INFO  [o.n.k.i.DiagnosticsManager]: JVM memory information:
2014-03-17 07:20:12.094+0000 INFO  [o.n.k.i.DiagnosticsManager]: Free  memory: 45.29 MB
2014-03-17 07:20:12.094+0000 INFO  [o.n.k.i.DiagnosticsManager]: Total memory: 109.02 MB
2014-03-17 07:20:12.094+0000 INFO  [o.n.k.i.DiagnosticsManager]: Max   memory: 495.88 MB
2014-03-17 07:20:12.094+0000 INFO  [o.n.k.i.DiagnosticsManager]: Garbage Collector: ParNew: [Par Eden Space, Par Survivor Space]
2014-03-17 07:20:12.094+0000 INFO  [o.n.k.i.DiagnosticsManager]: Garbage Collector: ConcurrentMarkSweep: [Par Eden Space, Par Survivor Space, CMS Old Gen, CMS Perm Gen]
2014-03-17 07:20:12.094+0000 INFO  [o.n.k.i.DiagnosticsManager]: Memory Pool: Code Cache (Non-heap memory): committed=3.88 MB, used=3.39 MB, max=48.00 MB, threshold=0.00 B
2014-03-17 07:20:12.095+0000 INFO  [o.n.k.i.DiagnosticsManager]: Memory Pool: Par Eden Space (Heap memory): committed=16.63 MB, used=5.59 MB, max=33.31 MB, threshold=?
2014-03-17 07:20:12.095+0000 INFO  [o.n.k.i.DiagnosticsManager]: Memory Pool: Par Survivor Space (Heap memory): committed=2.06 MB, used=2.00 MB, max=4.13 MB, threshold=?
2014-03-17 07:20:12.095+0000 INFO  [o.n.k.i.DiagnosticsManager]: Memory Pool: CMS Old Gen (Heap memory): committed=90.34 MB, used=56.23 MB, max=458.44 MB, threshold=0.00 B
2014-03-17 07:20:12.096+0000 INFO  [o.n.k.i.DiagnosticsManager]: Memory Pool: CMS Perm Gen (Non-heap memory): committed=82.00 MB, used=55.65 MB, max=82.00 MB, threshold=0.00 B
2014-03-17 07:20:12.096+0000 INFO  [o.n.k.i.DiagnosticsManager]: Operating system information:
2014-03-17 07:20:12.096+0000 INFO  [o.n.k.i.DiagnosticsManager]: Operating System: Mac OS X; version: 10.9.2; arch: x86_64; cpus: 2
2014-03-17 07:20:12.096+0000 INFO  [o.n.k.i.DiagnosticsManager]: Max number of file descriptors: 10240
2014-03-17 07:20:12.096+0000 INFO  [o.n.k.i.DiagnosticsManager]: Number of open file descriptors: 150
2014-03-17 07:20:12.096+0000 INFO  [o.n.k.i.DiagnosticsManager]: Process id: 6476@Monterey-6.local
2014-03-17 07:20:12.097+0000 INFO  [o.n.k.i.DiagnosticsManager]: Byte order: LITTLE_ENDIAN
2014-03-17 07:20:12.097+0000 INFO  [o.n.k.i.DiagnosticsManager]: Local timezone: America/Los_Angeles
2014-03-17 07:20:12.097+0000 INFO  [o.n.k.i.DiagnosticsManager]: JVM information:
2014-03-17 07:20:12.097+0000 INFO  [o.n.k.i.DiagnosticsManager]: VM Name: Java HotSpot(TM) 64-Bit Server VM
2014-03-17 07:20:12.097+0000 INFO  [o.n.k.i.DiagnosticsManager]: VM Vendor: Apple Inc.
2014-03-17 07:20:12.097+0000 INFO  [o.n.k.i.DiagnosticsManager]: VM Version: 20.65-b04-462
2014-03-17 07:20:12.097+0000 INFO  [o.n.k.i.DiagnosticsManager]: JIT compiler: HotSpot 64-Bit Tiered Compilers
2014-03-17 07:20:12.098+0000 INFO  [o.n.k.i.DiagnosticsManager]: VM Arguments: [-Djdk.home=, -Djruby.home=/Users/dev/.rvm/rubies/jruby-1.7.11, -Djruby.script=jruby, -Djruby.shell=/bin/sh, -Djffi.boot.library.path=/Users/dev/.rvm/rubies/jruby-1.7.11/lib/jni:/Users/dev/.rvm/rubies/jruby-1.7.11/lib/jni/Darwin, -Xmx500m, -Xss2048k, -Xbootclasspath/a:/Users/dev/.rvm/rubies/jruby-1.7.11/lib/jruby.jar, -Dfile.encoding=UTF-8]
2014-03-17 07:20:12.098+0000 INFO  [o.n.k.i.DiagnosticsManager]: Java classpath:
2014-03-17 07:20:12.103+0000 INFO  [o.n.k.i.DiagnosticsManager]:  [bootstrap] /System/Library/Java/JavaVirtualMachines/1.6.0.jdk/Contents/Classes/charsets.jar
2014-03-17 07:20:12.103+0000 INFO  [o.n.k.i.DiagnosticsManager]:  [loader.0] file:/Users/dev/.rvm/gems/jruby-1.7.11@neo4j-rail3/gems/torquebox-naming-3.0.2-java/lib/jboss-sasl-1.0.3.Final.jar
2014-03-17 07:20:12.103+0000 INFO  [o.n.k.i.DiagnosticsManager]:  [loader.0] file:/Users/dev/.rvm/gems/jruby-1.7.11@neo4j-rail3/gems/torquebox-naming-3.0.2-java/lib/jboss-marshalling-1.3.16.GA.jar
2014-03-17 07:20:12.103+0000 INFO  [o.n.k.i.DiagnosticsManager]:  [loader.2] file:/System/Library/Java/Extensions/dns_sd.jar
2014-03-17 07:20:12.103+0000 INFO  [o.n.k.i.DiagnosticsManager]:  [loader.0] file:/Users/dev/.rvm/gems/jruby-1.7.11@neo4j-rail3/gems/torquebox-cache-3.0.2-java/lib/polyglot-cache-1.16.0.jar
2014-03-17 07:20:12.103+0000 INFO  [o.n.k.i.DiagnosticsManager]:  [bootstrap] /System/Library/Frameworks/JavaVM.framework/Versions/A/Frameworks/JavaRuntimeSupport.framework/Versions/A/Resources/Java/JavaRuntimeSupport.jar
2014-03-17 07:20:12.103+0000 INFO  [o.n.k.i.DiagnosticsManager]:  [loader.0] file:/Users/dev/.rvm/gems/jruby-1.7.11@neo4j-rail3/gems/neo4j-enterprise-1.9.5-java/lib/neo4j-enterprise/jars/neo4j-backup-1.9.5.jar
2014-03-17 07:20:12.103+0000 INFO  [o.n.k.i.DiagnosticsManager]:  [loader.2] file:/System/Library/Java/Extensions/MRJToolkit.jar
2014-03-17 07:20:12.103+0000 INFO  [o.n.k.i.DiagnosticsManager]:  [loader.0] file:/Users/dev/.rvm/gems/jruby-1.7.11@neo4j-rail3/gems/torquebox-messaging-3.0.2-java/lib/torquebox-messaging.jar
2014-03-17 07:20:12.103+0000 INFO  [o.n.k.i.DiagnosticsManager]:  [loader.2] file:/System/Library/Java/Extensions/vecmath.jar
2014-03-17 07:20:12.103+0000 INFO  [o.n.k.i.DiagnosticsManager]:  [loader.2] file:/System/Library/Java/Extensions/libmlib_jai.jnilib
2014-03-17 07:20:12.103+0000 INFO  [o.n.k.i.DiagnosticsManager]:  [loader.0] file:/Users/dev/.rvm/gems/jruby-1.7.11@neo4j-rail3/gems/neo4j-community-1.9.5-java/lib/neo4j-community/jars/concurrentlinkedhashmap-lru-1.3.1.jar
2014-03-17 07:20:12.103+0000 INFO  [o.n.k.i.DiagnosticsManager]:  [loader.0] file:/Users/dev/.rvm/gems/jruby-1.7.11@neo4j-rail3/gems/json-1.8.1-java/lib/json/ext/generator.jar
2014-03-17 07:20:12.104+0000 INFO  [o.n.k.i.DiagnosticsManager]:  [loader.2] file:/System/Library/Java/JavaVirtualMachines/1.6.0.jdk/Contents/Home/lib/ext/dnsns.jar
2014-03-17 07:20:12.104+0000 INFO  [o.n.k.i.DiagnosticsManager]:  [loader.0] file:/Users/dev/.rvm/gems/jruby-1.7.11@neo4j-rail3/gems/torquebox-messaging-3.0.2-java/lib/hornetq-journal-2.3.1.Final.jar
2014-03-17 07:20:12.104+0000 INFO  [o.n.k.i.DiagnosticsManager]:  [bootstrap] /System/Library/Java/JavaVirtualMachines/1.6.0.jdk/Contents/Classes/laf.jar
2014-03-17 07:20:12.104+0000 INFO  [o.n.k.i.DiagnosticsManager]:  [loader.2] file:/System/Library/Java/Extensions/libJ3D.jnilib
2014-03-17 07:20:12.104+0000 INFO  [o.n.k.i.DiagnosticsManager]:  [loader.0] file:/Users/dev/.rvm/gems/jruby-1.7.11@neo4j-rail3/gems/json-1.8.1-java/lib/json/ext/parser.jar
2014-03-17 07:20:12.104+0000 INFO  [o.n.k.i.DiagnosticsManager]:  [loader.0] file:/Users/dev/.rvm/gems/jruby-1.7.11@neo4j-rail3/gems/neo4j-community-1.9.5-java/lib/neo4j-community/jars/neo4j-kernel-1.9.5.jar
2014-03-17 07:20:12.104+0000 INFO  [o.n.k.i.DiagnosticsManager]:  [loader.2] file:/System/Library/Java/Extensions/mlibwrapper_jai.jar
2014-03-17 07:20:12.104+0000 INFO  [o.n.k.i.DiagnosticsManager]:  [loader.0] file:/Users/dev/.rvm/gems/jruby-1.7.11@neo4j-rail3/gems/torquebox-naming-3.0.2-java/lib/xnio-nio-3.0.7.GA.jar
2014-03-17 07:20:12.104+0000 INFO  [o.n.k.i.DiagnosticsManager]:  [loader.0] file:/Users/dev/.rvm/gems/jruby-1.7.11@neo4j-rail3/gems/torquebox-messaging-3.0.2-java/lib/jboss-transaction-api_1.1_spec-1.0.1.Final.jar
2014-03-17 07:20:12.104+0000 INFO  [o.n.k.i.DiagnosticsManager]:  [bootstrap] /System/Library/Java/JavaVirtualMachines/1.6.0.jdk/Contents/Classes/classes.jar
2014-03-17 07:20:12.104+0000 INFO  [o.n.k.i.DiagnosticsManager]:  [loader.2] file:/System/Library/Java/JavaVirtualMachines/1.6.0.jdk/Contents/Home/lib/ext/localedata.jar
2014-03-17 07:20:12.104+0000 INFO  [o.n.k.i.DiagnosticsManager]:  [loader.0] file:/Users/dev/.rvm/gems/jruby-1.7.11@neo4j-rail3/gems/torquebox-web-3.0.2-java/lib/torquebox-web.jar
2014-03-17 07:20:12.104+0000 INFO  [o.n.k.i.DiagnosticsManager]:  [loader.0] file:/Users/dev/.rvm/gems/jruby-1.7.11@neo4j-rail3/gems/torquebox-naming-3.0.2-java/lib/xnio-api-3.0.7.GA.jar
2014-03-17 07:20:12.104+0000 INFO  [o.n.k.i.DiagnosticsManager]:  [loader.0] file:/Users/dev/.rvm/gems/jruby-1.7.11@neo4j-rail3/gems/neo4j-enterprise-1.9.5-java/lib/neo4j-enterprise/jars/neo4j-consistency-check-1.9.5.jar
2014-03-17 07:20:12.104+0000 INFO  [o.n.k.i.DiagnosticsManager]:  [loader.0] file:/Users/dev/.rvm/gems/jruby-1.7.11@neo4j-rail3/gems/neo4j-enterprise-1.9.5-java/lib/neo4j-enterprise/jars/netty-3.6.3.Final.jar
2014-03-17 07:20:12.104+0000 INFO  [o.n.k.i.DiagnosticsManager]:  [loader.0] file:/Users/dev/.rvm/gems/jruby-1.7.11@neo4j-rail3/gems/neo4j-enterprise-1.9.5-java/lib/neo4j-enterprise/jars/zookeeper-3.3.2.jar
2014-03-17 07:20:12.104+0000 INFO  [o.n.k.i.DiagnosticsManager]:  [loader.0] file:/Users/dev/.rvm/gems/jruby-1.7.11@neo4j-rail3/gems/torquebox-naming-3.0.2-java/lib/jboss-logging-3.1.2.GA.jar
2014-03-17 07:20:12.105+0000 INFO  [o.n.k.i.DiagnosticsManager]:  [loader.0] file:/Users/dev/.rvm/gems/jruby-1.7.11@neo4j-rail3/gems/neo4j-community-1.9.5-java/lib/neo4j-community/jars/server-api-1.9.5.jar
2014-03-17 07:20:12.105+0000 INFO  [o.n.k.i.DiagnosticsManager]:  [loader.2] file:/System/Library/Java/Extensions/QTJava.zip
2014-03-17 07:20:12.105+0000 INFO  [o.n.k.i.DiagnosticsManager]:  [loader.0] file:/Users/dev/.rvm/rubies/jruby-1.7.11/lib/ruby/shared/bcpkix-jdk15on-1.47.jar
2014-03-17 07:20:12.105+0000 INFO  [o.n.k.i.DiagnosticsManager]:  [loader.0] file:/Users/dev/.rvm/gems/jruby-1.7.11@neo4j-rail3/gems/neo4j-enterprise-1.9.5-java/lib/neo4j-enterprise/jars/neo4j-cluster-1.9.5.jar
2014-03-17 07:20:12.105+0000 INFO  [o.n.k.i.DiagnosticsManager]:  [loader.2] file:/System/Library/Java/Extensions/libJ3DAudio.jnilib
2014-03-17 07:20:12.105+0000 INFO  [o.n.k.i.DiagnosticsManager]:  [loader.2] file:/System/Library/Java/Extensions/libAppleScriptEngine.jnilib
2014-03-17 07:20:12.105+0000 INFO  [o.n.k.i.DiagnosticsManager]:  [bootstrap] /System/Library/Java/JavaVirtualMachines/1.6.0.jdk/Contents/Classes/ui.jar
2014-03-17 07:20:12.105+0000 INFO  [o.n.k.i.DiagnosticsManager]:  [loader.2] file:/System/Library/Java/Extensions/j3daudio.jar
2014-03-17 07:20:12.105+0000 INFO  [o.n.k.i.DiagnosticsManager]:  [loader.2] file:/System/Library/Java/Extensions/libJ3DUtils.jnilib
2014-03-17 07:20:12.105+0000 INFO  [o.n.k.i.DiagnosticsManager]:  [loader.0] file:/Users/dev/.rvm/gems/jruby-1.7.11@neo4j-rail3/gems/neo4j-enterprise-1.9.5-java/lib/neo4j-enterprise/jars/neo4j-udc-1.9.5.jar
2014-03-17 07:20:12.105+0000 INFO  [o.n.k.i.DiagnosticsManager]:  [loader.0] file:/Users/dev/.rvm/gems/jruby-1.7.11@neo4j-rail3/gems/torquebox-messaging-3.0.2-java/lib/hornetq-jms-client-2.3.1.Final.jar
2014-03-17 07:20:12.105+0000 INFO  [o.n.k.i.DiagnosticsManager]:  [loader.0] file:/Users/dev/.rvm/gems/jruby-1.7.11@neo4j-rail3/gems/neo4j-enterprise-1.9.5-java/lib/neo4j-enterprise/jars/logback-core-0.9.30.jar
2014-03-17 07:20:12.105+0000 INFO  [o.n.k.i.DiagnosticsManager]:  [loader.2] file:/System/Library/Java/Extensions/libQTJNative.jnilib
2014-03-17 07:20:12.105+0000 INFO  [o.n.k.i.DiagnosticsManager]:  [loader.2] file:/System/Library/Java/Extensions/j3dcore.jar
2014-03-17 07:20:12.105+0000 INFO  [o.n.k.i.DiagnosticsManager]:  [loader.0] file:/Users/dev/.rvm/gems/jruby-1.7.11@neo4j-rail3/gems/neo4j-enterprise-1.9.5-java/lib/neo4j-enterprise/jars/logback-classic-0.9.30.jar
2014-03-17 07:20:12.105+0000 INFO  [o.n.k.i.DiagnosticsManager]:  [loader.0] file:/Users/dev/.rvm/gems/jruby-1.7.11@neo4j-rail3/gems/torquebox-naming-3.0.2-java/lib/jboss-remote-naming-1.0.5.Final.jar
2014-03-17 07:20:12.105+0000 INFO  [o.n.k.i.DiagnosticsManager]:  [loader.0] file:/Users/dev/.rvm/rubies/jruby-1.7.11/lib/ruby/shared/readline/jline-2.11.jar
2014-03-17 07:20:12.105+0000 INFO  [o.n.k.i.DiagnosticsManager]:  [loader.0] file:/Users/dev/.rvm/gems/jruby-1.7.11@neo4j-rail3/gems/neo4j-enterprise-1.9.5-java/lib/neo4j-enterprise/jars/neo4j-ha-1.9.5.jar
2014-03-17 07:20:12.106+0000 INFO  [o.n.k.i.DiagnosticsManager]:  [bootstrap] /System/Library/Java/JavaVirtualMachines/1.6.0.jdk/Contents/Classes/sunrsasign.jar
2014-03-17 07:20:12.106+0000 INFO  [o.n.k.i.DiagnosticsManager]:  [loader.0] file:/Users/dev/.rvm/gems/jruby-1.7.11@neo4j-rail3/gems/torquebox-core-3.0.2-java/lib/torquebox-core.jar
2014-03-17 07:20:12.106+0000 INFO  [o.n.k.i.DiagnosticsManager]:  [loader.0] file:/Users/dev/.rvm/gems/jruby-1.7.11@neo4j-rail3/gems/therubyrhino_jar-1.7.4/jar/rhino-1.7R4.jar
2014-03-17 07:20:12.106+0000 INFO  [o.n.k.i.DiagnosticsManager]:  [loader.0] file:/Users/dev/.rvm/gems/jruby-1.7.11@neo4j-rail3/gems/torquebox-messaging-3.0.2-java/lib/jboss-jms-api_1.1_spec-1.0.1.Final.jar
2014-03-17 07:20:12.106+0000 INFO  [o.n.k.i.DiagnosticsManager]:  [loader.2] file:/System/Library/Java/Extensions/j3dutils.jar
2014-03-17 07:20:12.106+0000 INFO  [o.n.k.i.DiagnosticsManager]:  [loader.0] file:/Users/dev/.rvm/gems/jruby-1.7.11@neo4j-rail3/gems/torquebox-messaging-3.0.2-java/lib/jboss-logmanager-1.4.0.Final.jar
2014-03-17 07:20:12.106+0000 INFO  [o.n.k.i.DiagnosticsManager]:  [loader.2] file:/System/Library/Java/Extensions/jai_core.jar
2014-03-17 07:20:12.106+0000 INFO  [o.n.k.i.DiagnosticsManager]:  [loader.0] file:/Users/dev/.rvm/gems/jruby-1.7.11@neo4j-rail3/gems/torquebox-naming-3.0.2-java/lib/jboss-remoting-3.2.14.GA.jar
2014-03-17 07:20:12.106+0000 INFO  [o.n.k.i.DiagnosticsManager]:  [loader.0] file:/Users/dev/.rvm/rubies/jruby-1.7.11/lib/ruby/shared/bcprov-jdk15on-1.47.jar
2014-03-17 07:20:12.106+0000 INFO  [o.n.k.i.DiagnosticsManager]:  [loader.2] file:/System/Library/Java/Extensions/jai_codec.jar
2014-03-17 07:20:12.106+0000 INFO  [o.n.k.i.DiagnosticsManager]:  [loader.0] file:/Users/dev/.rvm/gems/jruby-1.7.11@neo4j-rail3/gems/torquebox-messaging-3.0.2-java/lib/jboss-logging-3.1.2.GA.jar
2014-03-17 07:20:12.106+0000 INFO  [o.n.k.i.DiagnosticsManager]:  [loader.0] file:/Users/dev/.rvm/gems/jruby-1.7.11@neo4j-rail3/gems/torquebox-naming-3.0.2-java/lib/jboss-marshalling-river-1.3.16.GA.jar
2014-03-17 07:20:12.106+0000 INFO  [o.n.k.i.DiagnosticsManager]:  [loader.0] file:/Users/dev/.rvm/gems/jruby-1.7.11@neo4j-rail3/gems/neo4j-community-1.9.5-java/lib/neo4j-community/jars/geronimo-jta_1.1_spec-1.1.1.jar
2014-03-17 07:20:12.106+0000 INFO  [o.n.k.i.DiagnosticsManager]:  [loader.0] file:/Users/dev/.rvm/gems/jruby-1.7.11@neo4j-rail3/gems/neo4j-enterprise-1.9.5-java/lib/neo4j-enterprise/jars/neo4j-com-1.9.5.jar
2014-03-17 07:20:12.106+0000 INFO  [o.n.k.i.DiagnosticsManager]:  [loader.0] file:/Users/dev/.rvm/gems/jruby-1.7.11@neo4j-rail3/gems/torquebox-naming-3.0.2-java/lib/jboss-ejb-client-1.0.0.Final.jar
2014-03-17 07:20:12.106+0000 INFO  [o.n.k.i.DiagnosticsManager]:  [loader.0] file:/Users/dev/.rvm/gems/jruby-1.7.11@neo4j-rail3/gems/neo4j-community-1.9.5-java/lib/neo4j-community/jars/scala-library-2.10.0.jar
2014-03-17 07:20:12.106+0000 INFO  [o.n.k.i.DiagnosticsManager]:  [loader.2] file:/System/Library/Java/JavaVirtualMachines/1.6.0.jdk/Contents/Home/lib/ext/sunjce_provider.jar
2014-03-17 07:20:12.107+0000 INFO  [o.n.k.i.DiagnosticsManager]:  [loader.0] file:/Users/dev/.rvm/gems/jruby-1.7.11@neo4j-rail3/gems/torquebox-naming-3.0.2-java/lib/torquebox-naming.jar
2014-03-17 07:20:12.107+0000 INFO  [o.n.k.i.DiagnosticsManager]:  [loader.0] file:/Users/dev/.rvm/gems/jruby-1.7.11@neo4j-rail3/gems/neo4j-community-1.9.5-java/lib/neo4j-community/jars/neo4j-cypher-1.9.5.jar
2014-03-17 07:20:12.107+0000 INFO  [o.n.k.i.DiagnosticsManager]:  [loader.0] file:/Users/dev/.rvm/gems/jruby-1.7.11@neo4j-rail3/gems/jruby-openssl-0.9.4/lib/jopenssl.jar
2014-03-17 07:20:12.107+0000 INFO  [o.n.k.i.DiagnosticsManager]:  [loader.0] file:/Users/dev/.rvm/gems/jruby-1.7.11@neo4j-rail3/gems/neo4j-community-1.9.5-java/lib/neo4j-community/jars/neo4j-graph-matching-1.9.5.jar
2014-03-17 07:20:12.107+0000 INFO  [o.n.k.i.DiagnosticsManager]:  [loader.0] file:/Users/dev/.rvm/gems/jruby-1.7.11@neo4j-rail3/gems/neo4j-enterprise-1.9.5-java/lib/neo4j-enterprise/jars/logback-access-0.9.30.jar
2014-03-17 07:20:12.107+0000 INFO  [o.n.k.i.DiagnosticsManager]:  [loader.0] file:/Users/dev/.rvm/gems/jruby-1.7.11@neo4j-rail3/gems/neo4j-community-1.9.5-java/lib/neo4j-community/jars/neo4j-lucene-index-1.9.5.jar
2014-03-17 07:20:12.107+0000 INFO  [o.n.k.i.DiagnosticsManager]:  [loader.0] file:/Users/dev/.rvm/gems/jruby-1.7.11@neo4j-rail3/gems/torquebox-messaging-3.0.2-java/lib/netty-3.6.2.Final.jar
2014-03-17 07:20:12.107+0000 INFO  [o.n.k.i.DiagnosticsManager]:  [loader.0] file:/Users/dev/.rvm/gems/jruby-1.7.11@neo4j-rail3/gems/torquebox-messaging-3.0.2-java/lib/hornetq-commons-2.3.1.Final.jar
2014-03-17 07:20:12.107+0000 INFO  [o.n.k.i.DiagnosticsManager]:  [loader.0] file:/Users/dev/.rvm/gems/jruby-1.7.11@neo4j-rail3/gems/neo4j-community-1.9.5-java/lib/neo4j-community/jars/neo4j-udc-1.9.5.jar
2014-03-17 07:20:12.107+0000 INFO  [o.n.k.i.DiagnosticsManager]:  [loader.0] file:/Users/dev/.rvm/gems/jruby-1.7.11@neo4j-rail3/gems/neo4j-community-1.9.5-java/lib/neo4j-community/jars/neo4j-graph-algo-1.9.5.jar
2014-03-17 07:20:12.107+0000 INFO  [o.n.k.i.DiagnosticsManager]:  [loader.0] file:/Users/dev/.rvm/gems/jruby-1.7.11@neo4j-rail3/gems/neo4j-enterprise-1.9.5-java/lib/neo4j-enterprise/jars/slf4j-api-1.6.2.jar
2014-03-17 07:20:12.107+0000 INFO  [o.n.k.i.DiagnosticsManager]:  [bootstrap] /System/Library/Java/JavaVirtualMachines/1.6.0.jdk/Contents/Home/lib/jce.jar
2014-03-17 07:20:12.107+0000 INFO  [o.n.k.i.DiagnosticsManager]:  [loader.0] file:/Users/dev/.rvm/gems/jruby-1.7.11@neo4j-rail3/gems/torquebox-cache-3.0.2-java/lib/torquebox-cache.jar
2014-03-17 07:20:12.107+0000 INFO  [o.n.k.i.DiagnosticsManager]:  [bootstrap] /System/Library/Java/JavaVirtualMachines/1.6.0.jdk/Contents/Classes/jsse.jar
2014-03-17 07:20:12.107+0000 INFO  [o.n.k.i.DiagnosticsManager]:  [loader.0] file:/Users/dev/.rvm/rubies/jruby-1.7.11/lib/ruby/shared/readline/readline.jar
2014-03-17 07:20:12.107+0000 INFO  [o.n.k.i.DiagnosticsManager]:  [loader.0] file:/Users/dev/.rvm/gems/jruby-1.7.11@neo4j-rail3/gems/neo4j-advanced-1.9.5-java/lib/neo4j-advanced/jars/neo4j-management-1.9.5.jar
2014-03-17 07:20:12.107+0000 INFO  [o.n.k.i.DiagnosticsManager]:  [loader.0] file:/Users/dev/.rvm/gems/jruby-1.7.11@neo4j-rail3/gems/neo4j-enterprise-1.9.5-java/lib/neo4j-enterprise/jars/log4j-1.2.16.jar
2014-03-17 07:20:12.107+0000 INFO  [o.n.k.i.DiagnosticsManager]:  [loader.0] file:/Users/dev/.rvm/gems/jruby-1.7.11@neo4j-rail3/gems/torquebox-server-3.0.2-java/lib/torquebox-server.jar
2014-03-17 07:20:12.107+0000 INFO  [o.n.k.i.DiagnosticsManager]:  [loader.0] file:/Users/dev/.rvm/gems/jruby-1.7.11@neo4j-rail3/gems/neo4j-community-1.9.5-java/lib/neo4j-community/jars/neo4j-jmx-1.9.5.jar
2014-03-17 07:20:12.107+0000 INFO  [o.n.k.i.DiagnosticsManager]:  [loader.2] file:/System/Library/Java/Extensions/AppleScriptEngine.jar
2014-03-17 07:20:12.107+0000 INFO  [o.n.k.i.DiagnosticsManager]:  [loader.2] file:/System/Library/Java/JavaVirtualMachines/1.6.0.jdk/Contents/Home/lib/ext/apple_provider.jar
2014-03-17 07:20:12.107+0000 INFO  [o.n.k.i.DiagnosticsManager]:  [loader.0] file:/Users/dev/.rvm/gems/jruby-1.7.11@neo4j-rail3/gems/neo4j-core-2.3.0-java/lib/neo4j-core/jars/neo4jrb-adaptor.jar
2014-03-17 07:20:12.107+0000 INFO  [o.n.k.i.DiagnosticsManager]:  [bootstrap] /System/Library/Java/JavaVirtualMachines/1.6.0.jdk/Contents/Classes/jsfd.jar
2014-03-17 07:20:12.107+0000 INFO  [o.n.k.i.DiagnosticsManager]:  [loader.0] file:/Users/dev/.rvm/gems/jruby-1.7.11@neo4j-rail3/gems/torquebox-messaging-3.0.2-java/lib/hornetq-core-client-2.3.1.Final.jar
2014-03-17 07:20:12.107+0000 INFO  [o.n.k.i.DiagnosticsManager]:  [classpath + loader.1] file:/projects/test_projects_neo/neo4j-demo-app/neo4j_demo_app/
2014-03-17 07:20:12.108+0000 INFO  [o.n.k.i.DiagnosticsManager]:  [loader.0] file:/Users/dev/.rvm/rubies/jruby-1.7.11/lib/ruby/shared/kryptproviderjdk.jar
2014-03-17 07:20:12.108+0000 INFO  [o.n.k.i.DiagnosticsManager]:  [loader.0] file:/Users/dev/.rvm/gems/jruby-1.7.11@neo4j-rail3/gems/neo4j-enterprise-1.9.5-java/lib/neo4j-enterprise/jars/server-api-1.9.5.jar
2014-03-17 07:20:12.108+0000 INFO  [o.n.k.i.DiagnosticsManager]:  [loader.2] file:/System/Library/Java/JavaVirtualMachines/1.6.0.jdk/Contents/Home/lib/ext/sunpkcs11.jar
2014-03-17 07:20:12.108+0000 INFO  [o.n.k.i.DiagnosticsManager]:  [loader.0] file:/Users/dev/.rvm/gems/jruby-1.7.11@neo4j-rail3/gems/neo4j-community-1.9.5-java/lib/neo4j-community/jars/lucene-core-3.6.2.jar
2014-03-17 07:20:12.108+0000 INFO  [o.n.k.i.DiagnosticsManager]:  [bootstrap] /Users/dev/.rvm/rubies/jruby-1.7.11/lib/jruby.jar
2014-03-17 07:20:12.108+0000 INFO  [o.n.k.i.DiagnosticsManager]:  [loader.0] file:/Users/dev/.rvm/rubies/jruby-1.7.11/lib/ruby/shared/kryptcore.jar
2014-03-17 07:20:12.108+0000 INFO  [o.n.k.i.DiagnosticsManager]: Library path:
2014-03-17 07:20:12.108+0000 INFO  [o.n.k.i.DiagnosticsManager]: /projects/test_projects_neo/neo4j-demo-app/neo4j_demo_app
2014-03-17 07:20:12.108+0000 INFO  [o.n.k.i.DiagnosticsManager]: /Library/Java/Extensions
2014-03-17 07:20:12.108+0000 INFO  [o.n.k.i.DiagnosticsManager]: /System/Library/Java/Extensions
2014-03-17 07:20:12.108+0000 INFO  [o.n.k.i.DiagnosticsManager]: /usr/lib/java
2014-03-17 07:20:12.108+0000 INFO  [o.n.k.i.DiagnosticsManager]: System.properties:
2014-03-17 07:20:12.108+0000 INFO  [o.n.k.i.DiagnosticsManager]: jruby.home = /Users/dev/.rvm/rubies/jruby-1.7.11
2014-03-17 07:20:12.108+0000 INFO  [o.n.k.i.DiagnosticsManager]: sun.boot.library.path = /System/Library/Java/JavaVirtualMachines/1.6.0.jdk/Contents/Libraries
2014-03-17 07:20:12.108+0000 INFO  [o.n.k.i.DiagnosticsManager]: awt.nativeDoubleBuffering = true
2014-03-17 07:20:12.108+0000 INFO  [o.n.k.i.DiagnosticsManager]: gopherProxySet = false
2014-03-17 07:20:12.108+0000 INFO  [o.n.k.i.DiagnosticsManager]: mrj.build = 11M4609
2014-03-17 07:20:12.108+0000 INFO  [o.n.k.i.DiagnosticsManager]: path.separator = :
2014-03-17 07:20:12.109+0000 INFO  [o.n.k.i.DiagnosticsManager]: file.encoding.pkg = sun.io
2014-03-17 07:20:12.109+0000 INFO  [o.n.k.i.DiagnosticsManager]: sun.java.launcher = SUN_STANDARD
2014-03-17 07:20:12.109+0000 INFO  [o.n.k.i.DiagnosticsManager]: user.country = US
2014-03-17 07:20:12.109+0000 INFO  [o.n.k.i.DiagnosticsManager]: sun.os.patch.level = unknown
2014-03-17 07:20:12.109+0000 INFO  [o.n.k.i.DiagnosticsManager]: user.dir = /projects/test_projects_neo/neo4j-demo-app/neo4j_demo_app
2014-03-17 07:20:12.109+0000 INFO  [o.n.k.i.DiagnosticsManager]: neo4j.ext.udc.source = neo4rb
2014-03-17 07:20:12.109+0000 INFO  [o.n.k.i.DiagnosticsManager]: jdk.home = 
2014-03-17 07:20:12.109+0000 INFO  [o.n.k.i.DiagnosticsManager]: sun.jnu.encoding = MacRoman
2014-03-17 07:20:12.109+0000 INFO  [o.n.k.i.DiagnosticsManager]: sun.nio.ch.bugLevel = 
2014-03-17 07:20:12.109+0000 INFO  [o.n.k.i.DiagnosticsManager]: sun.management.compiler = HotSpot 64-Bit Tiered Compilers
2014-03-17 07:20:12.109+0000 INFO  [o.n.k.i.DiagnosticsManager]: http.nonProxyHosts = local|*.local|169.254/16|*.169.254/16
2014-03-17 07:20:12.109+0000 INFO  [o.n.k.i.DiagnosticsManager]: jffi.boot.library.path = /Users/dev/.rvm/rubies/jruby-1.7.11/lib/jni:/Users/dev/.rvm/rubies/jruby-1.7.11/lib/jni/Darwin
2014-03-17 07:20:12.109+0000 INFO  [o.n.k.i.DiagnosticsManager]: user.home = /Users/dev
2014-03-17 07:20:12.109+0000 INFO  [o.n.k.i.DiagnosticsManager]: user.timezone = America/Los_Angeles
2014-03-17 07:20:12.109+0000 INFO  [o.n.k.i.DiagnosticsManager]: file.encoding = UTF-8
2014-03-17 07:20:12.109+0000 INFO  [o.n.k.i.DiagnosticsManager]: jruby.compat.version = 2.0
2014-03-17 07:20:12.109+0000 INFO  [o.n.k.i.DiagnosticsManager]: jruby.script = jruby
2014-03-17 07:20:12.109+0000 INFO  [o.n.k.i.DiagnosticsManager]: user.name = dev
2014-03-17 07:20:12.109+0000 INFO  [o.n.k.i.DiagnosticsManager]: jruby.shell = /bin/sh
2014-03-17 07:20:12.110+0000 INFO  [o.n.k.i.DiagnosticsManager]: sun.java.command = org/jruby/Main script/rails console
2014-03-17 07:20:12.110+0000 INFO  [o.n.k.i.DiagnosticsManager]: sun.arch.data.model = 64
2014-03-17 07:20:12.110+0000 INFO  [o.n.k.i.DiagnosticsManager]: user.language = en
2014-03-17 07:20:12.110+0000 INFO  [o.n.k.i.DiagnosticsManager]: awt.toolkit = apple.awt.CToolkit
2014-03-17 07:20:12.110+0000 INFO  [o.n.k.i.DiagnosticsManager]: file.separator = /
2014-03-17 07:20:12.110+0000 INFO  [o.n.k.i.DiagnosticsManager]: sun.io.unicode.encoding = UnicodeLittle
2014-03-17 07:20:12.110+0000 INFO  [o.n.k.i.DiagnosticsManager]: sun.cpu.endian = little
2014-03-17 07:20:12.110+0000 INFO  [o.n.k.i.DiagnosticsManager]: mrj.version = 1070.1.6.0_65-462
2014-03-17 07:20:12.110+0000 INFO  [o.n.k.i.DiagnosticsManager]: socksNonProxyHosts = local|*.local|169.254/16|*.169.254/16
2014-03-17 07:20:12.110+0000 INFO  [o.n.k.i.DiagnosticsManager]: ftp.nonProxyHosts = local|*.local|169.254/16|*.169.254/16
2014-03-17 07:20:12.110+0000 INFO  [o.n.k.i.DiagnosticsManager]: sun.cpu.isalist = 
2014-03-17 07:20:12.110+0000 INFO  [o.n.k.i.DiagnosticsManager]: Network information:
2014-03-17 07:20:12.110+0000 INFO  [o.n.k.i.DiagnosticsManager]: Interface en9:
2014-03-17 07:20:12.111+0000 INFO  [o.n.k.i.DiagnosticsManager]:     address: fe80:0:0:0:f66d:4ff:fe5e:3f15%5
2014-03-17 07:20:12.111+0000 INFO  [o.n.k.i.DiagnosticsManager]:     address: 192.168.1.109
2014-03-17 07:20:12.111+0000 INFO  [o.n.k.i.DiagnosticsManager]: Interface lo0:
2014-03-17 07:20:12.111+0000 INFO  [o.n.k.i.DiagnosticsManager]:     address: fe80:0:0:0:0:0:0:1%1
2014-03-17 07:20:12.111+0000 INFO  [o.n.k.i.DiagnosticsManager]:     address: 0:0:0:0:0:0:0:1
2014-03-17 07:20:12.111+0000 INFO  [o.n.k.i.DiagnosticsManager]:     address: 127.0.0.1
2014-03-17 07:20:12.111+0000 INFO  [o.n.k.i.DiagnosticsManager]: --- INITIALIZED diagnostics END ---
2014-03-17 07:20:12.144+0000 INFO  [o.n.k.i.n.s.StoreFactory]: /projects/test_projects_neo/neo4j-demo-app/neo4j_demo_app/db/ha_neo_2/temp-copy/neostore.relationshiptypestore.db.names non clean shutdown detected
2014-03-17 07:20:12.144+0000 INFO  [o.n.k.i.n.s.StoreFactory]: [/projects/test_projects_neo/neo4j-demo-app/neo4j_demo_app/db/ha_neo_2/temp-copy/neostore.relationshiptypestore.db.names] brickCount=0 brickSize=0b mappedMem=0b (storeSize=38b)
2014-03-17 07:20:12.144+0000 INFO  [o.n.k.i.n.s.StoreFactory]: /projects/test_projects_neo/neo4j-demo-app/neo4j_demo_app/db/ha_neo_2/temp-copy/neostore.relationshiptypestore.db non clean shutdown detected
2014-03-17 07:20:12.144+0000 INFO  [o.n.k.i.n.s.StoreFactory]: [/projects/test_projects_neo/neo4j-demo-app/neo4j_demo_app/db/ha_neo_2/temp-copy/neostore.relationshiptypestore.db] brickCount=0 brickSize=0b mappedMem=0b (storeSize=0b)
2014-03-17 07:20:12.145+0000 INFO  [o.n.k.i.n.s.StoreFactory]: /projects/test_projects_neo/neo4j-demo-app/neo4j_demo_app/db/ha_neo_2/temp-copy/neostore.propertystore.db.strings non clean shutdown detected
2014-03-17 07:20:12.145+0000 INFO  [o.n.k.i.n.s.StoreFactory]: [/projects/test_projects_neo/neo4j-demo-app/neo4j_demo_app/db/ha_neo_2/temp-copy/neostore.propertystore.db.strings] brickCount=0 brickSize=523136b mappedMem=523239424b (storeSize=128b)
2014-03-17 07:20:12.145+0000 INFO  [o.n.k.i.n.s.StoreFactory]: /projects/test_projects_neo/neo4j-demo-app/neo4j_demo_app/db/ha_neo_2/temp-copy/neostore.propertystore.db.index.keys non clean shutdown detected
2014-03-17 07:20:12.145+0000 INFO  [o.n.k.i.n.s.StoreFactory]: [/projects/test_projects_neo/neo4j-demo-app/neo4j_demo_app/db/ha_neo_2/temp-copy/neostore.propertystore.db.index.keys] brickCount=0 brickSize=0b mappedMem=0b (storeSize=38b)
2014-03-17 07:20:12.146+0000 INFO  [o.n.k.i.n.s.StoreFactory]: /projects/test_projects_neo/neo4j-demo-app/neo4j_demo_app/db/ha_neo_2/temp-copy/neostore.propertystore.db.index non clean shutdown detected
2014-03-17 07:20:12.146+0000 INFO  [o.n.k.i.n.s.StoreFactory]: [/projects/test_projects_neo/neo4j-demo-app/neo4j_demo_app/db/ha_neo_2/temp-copy/neostore.propertystore.db.index] brickCount=0 brickSize=0b mappedMem=0b (storeSize=0b)
2014-03-17 07:20:12.146+0000 INFO  [o.n.k.i.n.s.StoreFactory]: /projects/test_projects_neo/neo4j-demo-app/neo4j_demo_app/db/ha_neo_2/temp-copy/neostore.propertystore.db.arrays non clean shutdown detected
2014-03-17 07:20:12.146+0000 INFO  [o.n.k.i.n.s.StoreFactory]: [/projects/test_projects_neo/neo4j-demo-app/neo4j_demo_app/db/ha_neo_2/temp-copy/neostore.propertystore.db.arrays] brickCount=0 brickSize=593408b mappedMem=593494016b (storeSize=128b)
2014-03-17 07:20:12.152+0000 INFO  [o.n.k.i.n.s.StoreFactory]: /projects/test_projects_neo/neo4j-demo-app/neo4j_demo_app/db/ha_neo_2/temp-copy/neostore.propertystore.db non clean shutdown detected
2014-03-17 07:20:12.152+0000 INFO  [o.n.k.i.n.s.StoreFactory]: [/projects/test_projects_neo/neo4j-demo-app/neo4j_demo_app/db/ha_neo_2/temp-copy/neostore.propertystore.db] brickCount=0 brickSize=6155125b mappedMem=615514112b (storeSize=0b)
2014-03-17 07:20:12.152+0000 INFO  [o.n.k.i.n.s.StoreFactory]: /projects/test_projects_neo/neo4j-demo-app/neo4j_demo_app/db/ha_neo_2/temp-copy/neostore.relationshipstore.db non clean shutdown detected
2014-03-17 07:20:12.152+0000 INFO  [o.n.k.i.n.s.StoreFactory]: [/projects/test_projects_neo/neo4j-demo-app/neo4j_demo_app/db/ha_neo_2/temp-copy/neostore.relationshipstore.db] brickCount=0 brickSize=7549740b mappedMem=754974720b (storeSize=0b)
2014-03-17 07:20:12.153+0000 INFO  [o.n.k.i.n.s.StoreFactory]: /projects/test_projects_neo/neo4j-demo-app/neo4j_demo_app/db/ha_neo_2/temp-copy/neostore.nodestore.db non clean shutdown detected
2014-03-17 07:20:12.153+0000 INFO  [o.n.k.i.n.s.StoreFactory]: [/projects/test_projects_neo/neo4j-demo-app/neo4j_demo_app/db/ha_neo_2/temp-copy/neostore.nodestore.db] brickCount=0 brickSize=170910b mappedMem=170917888b (storeSize=9b)
2014-03-17 07:20:12.153+0000 INFO  [o.n.k.i.n.s.StoreFactory]: /projects/test_projects_neo/neo4j-demo-app/neo4j_demo_app/db/ha_neo_2/temp-copy/neostore non clean shutdown detected
2014-03-17 07:20:12.153+0000 INFO  [o.n.k.i.n.s.StoreFactory]: [/projects/test_projects_neo/neo4j-demo-app/neo4j_demo_app/db/ha_neo_2/temp-copy/neostore] brickCount=0 brickSize=0b mappedMem=0b (storeSize=54b)
2014-03-17 07:20:12.154+0000 INFO  [o.n.k.i.t.x.XaLogicalLog]: Opened logical log [/projects/test_projects_neo/neo4j-demo-app/neo4j_demo_app/db/ha_neo_2/temp-copy/nioneo_logical.log.1] version=1, lastTxId=1 (clean)
2014-03-17 07:20:12.159+0000 INFO  [o.n.k.i.n.s.StoreFactory]: /projects/test_projects_neo/neo4j-demo-app/neo4j_demo_app/db/ha_neo_2/temp-copy/neostore.relationshiptypestore.db.names rebuild id generator, highId=1 defragged count=0
2014-03-17 07:20:12.195+0000 INFO  [o.n.k.i.n.s.StoreFactory]: /projects/test_projects_neo/neo4j-demo-app/neo4j_demo_app/db/ha_neo_2/temp-copy/neostore.propertystore.db.index.keys rebuild id generator, highId=1 defragged count=0
2014-03-17 07:20:12.197+0000 INFO  [o.n.k.i.n.s.StoreFactory]: /projects/test_projects_neo/neo4j-demo-app/neo4j_demo_app/db/ha_neo_2/temp-copy/neostore.propertystore.db.index rebuild id generator, highId=1 defragged count=0
2014-03-17 07:20:12.199+0000 INFO  [o.n.k.i.n.s.StoreFactory]: /projects/test_projects_neo/neo4j-demo-app/neo4j_demo_app/db/ha_neo_2/temp-copy/neostore.propertystore.db.strings rebuild id generator, highId=1 defragged count=0
2014-03-17 07:20:12.201+0000 INFO  [o.n.k.i.n.s.StoreFactory]: /projects/test_projects_neo/neo4j-demo-app/neo4j_demo_app/db/ha_neo_2/temp-copy/neostore.propertystore.db.arrays rebuild id generator, highId=1 defragged count=0
2014-03-17 07:20:12.204+0000 INFO  [o.n.k.i.n.s.StoreFactory]: /projects/test_projects_neo/neo4j-demo-app/neo4j_demo_app/db/ha_neo_2/temp-copy/neostore.propertystore.db rebuild id generator, highId=1 defragged count=0
2014-03-17 07:20:12.206+0000 INFO  [o.n.k.i.n.s.StoreFactory]: /projects/test_projects_neo/neo4j-demo-app/neo4j_demo_app/db/ha_neo_2/temp-copy/neostore.relationshipstore.db rebuild id generator, highId=1 defragged count=0
2014-03-17 07:20:12.209+0000 INFO  [o.n.k.i.n.s.StoreFactory]: /projects/test_projects_neo/neo4j-demo-app/neo4j_demo_app/db/ha_neo_2/temp-copy/neostore.nodestore.db rebuild id generator, highId=1 defragged count=0
2014-03-17 07:20:12.211+0000 INFO  [o.n.k.i.n.s.StoreFactory]: /projects/test_projects_neo/neo4j-demo-app/neo4j_demo_app/db/ha_neo_2/temp-copy/neostore rebuild id generator, highId=6 defragged count=0
2014-03-17 07:20:12.213+0000 INFO  [o.n.k.i.t.TxManager]: TM new log: tm_tx_log.1
2014-03-17 07:20:12.247+0000 INFO  [o.n.b.BackupServer]: BackupServer communication server started and bound to 0.0.0.0/0.0.0.0:6362
2014-03-17 07:20:12.263+0000 INFO  [o.n.k.i.t.x.XaLogicalLog]: Opened logical log [/projects/test_projects_neo/neo4j-demo-app/neo4j_demo_app/db/ha_neo_2/temp-copy/index/lucene.log.1] version=1, lastTxId=1 (clean)
2014-03-17 07:20:12.266+0000 INFO  [o.n.k.i.DiagnosticsManager]: --- STARTED diagnostics for KernelDiagnostics:Versions START ---
2014-03-17 07:20:12.267+0000 INFO  [o.n.k.i.DiagnosticsManager]: Graph Database: org.neo4j.kernel.EmbeddedGraphDatabase StoreId[time:1395039639545, id:-3338186800595235125, store version: 13561656364791302]
2014-03-17 07:20:12.267+0000 INFO  [o.n.k.i.DiagnosticsManager]: Kernel version: Neo4j - Graph Database Kernel 1.9.5
2014-03-17 07:20:12.267+0000 INFO  [o.n.k.i.DiagnosticsManager]: Neo4j component versions:
2014-03-17 07:20:12.269+0000 INFO  [o.n.k.i.DiagnosticsManager]:   Neo4j - Graph Database Kernel 1.9.5
2014-03-17 07:20:12.270+0000 INFO  [o.n.k.i.DiagnosticsManager]: --- STARTED diagnostics for KernelDiagnostics:Versions END ---
2014-03-17 07:20:12.272+0000 INFO  [o.n.k.i.DiagnosticsManager]: --- STARTED diagnostics for NEO_STORE_VERSIONS START ---
2014-03-17 07:20:12.273+0000 INFO  [o.n.k.i.DiagnosticsManager]: Store versions:
2014-03-17 07:20:12.273+0000 INFO  [o.n.k.i.DiagnosticsManager]: Store versions:
2014-03-17 07:20:12.273+0000 INFO  [o.n.k.i.DiagnosticsManager]:   NeoStore v0.A.0
2014-03-17 07:20:12.273+0000 INFO  [o.n.k.i.DiagnosticsManager]:   NodeStore v0.A.0
2014-03-17 07:20:12.273+0000 INFO  [o.n.k.i.DiagnosticsManager]:   RelationshipStore v0.A.0
2014-03-17 07:20:12.273+0000 INFO  [o.n.k.i.DiagnosticsManager]:   RelationshipTypeStore v0.A.0
2014-03-17 07:20:12.273+0000 INFO  [o.n.k.i.DiagnosticsManager]:   PropertyStore v0.A.0
2014-03-17 07:20:12.273+0000 INFO  [o.n.k.i.DiagnosticsManager]:   PropertyIndexStore v0.A.0
2014-03-17 07:20:12.273+0000 INFO  [o.n.k.i.DiagnosticsManager]:   StringPropertyStore v0.A.0
2014-03-17 07:20:12.274+0000 INFO  [o.n.k.i.DiagnosticsManager]:   ArrayPropertyStore v0.A.0
2014-03-17 07:20:12.274+0000 INFO  [o.n.k.i.DiagnosticsManager]: --- STARTED diagnostics for NEO_STORE_VERSIONS END ---
2014-03-17 07:20:12.274+0000 INFO  [o.n.k.i.DiagnosticsManager]: --- STARTED diagnostics for NEO_STORE_ID_USAGE START ---
2014-03-17 07:20:12.274+0000 INFO  [o.n.k.i.DiagnosticsManager]: Id usage:
2014-03-17 07:20:12.274+0000 INFO  [o.n.k.i.DiagnosticsManager]: Id usage:
2014-03-17 07:20:12.274+0000 INFO  [o.n.k.i.DiagnosticsManager]:   NodeStore: used=1 high=0
2014-03-17 07:20:12.274+0000 INFO  [o.n.k.i.DiagnosticsManager]:   RelationshipStore: used=1 high=0
2014-03-17 07:20:12.274+0000 INFO  [o.n.k.i.DiagnosticsManager]:   RelationshipTypeStore: used=0 high=-1
2014-03-17 07:20:12.274+0000 INFO  [o.n.k.i.DiagnosticsManager]:   PropertyStore: used=1 high=0
2014-03-17 07:20:12.274+0000 INFO  [o.n.k.i.DiagnosticsManager]:   PropertyIndexStore: used=1 high=0
2014-03-17 07:20:12.274+0000 INFO  [o.n.k.i.DiagnosticsManager]:   StringPropertyStore: used=1 high=0
2014-03-17 07:20:12.275+0000 INFO  [o.n.k.i.DiagnosticsManager]:   ArrayPropertyStore: used=1 high=0
2014-03-17 07:20:12.275+0000 INFO  [o.n.k.i.DiagnosticsManager]: --- STARTED diagnostics for NEO_STORE_ID_USAGE END ---
2014-03-17 07:20:12.275+0000 INFO  [o.n.k.i.DiagnosticsManager]: --- STARTED diagnostics for PERSISTENCE_WINDOW_POOL_STATS START ---
2014-03-17 07:20:12.275+0000 INFO  [o.n.k.i.DiagnosticsManager]: --- STARTED diagnostics for PERSISTENCE_WINDOW_POOL_STATS END ---
2014-03-17 07:20:12.277+0000 INFO  [o.n.k.i.DiagnosticsManager]: --- STARTED diagnostics for KernelDiagnostics:StoreFiles START ---
2014-03-17 07:20:12.277+0000 INFO  [o.n.k.i.DiagnosticsManager]: Disk space on partition (Total / Free / Free %): 249538142208 / 15899062272 / 6
Storage files: (filename : modification date - size)
2014-03-17 07:20:12.278+0000 INFO  [o.n.k.i.DiagnosticsManager]:   active_tx_log: 2014-03-17T00:20:12-0700 - 11.00 B
2014-03-17 07:20:12.278+0000 INFO  [o.n.k.i.DiagnosticsManager]:   index:
2014-03-17 07:20:12.278+0000 INFO  [o.n.k.i.DiagnosticsManager]:     lucene-store.db: 2014-03-17T00:20:11-0700 - 40.00 B
2014-03-17 07:20:12.278+0000 INFO  [o.n.k.i.DiagnosticsManager]:     lucene.log.1: 2014-03-17T00:20:12-0700 - 16.00 B
2014-03-17 07:20:12.279+0000 INFO  [o.n.k.i.DiagnosticsManager]:     lucene.log.active: 2014-03-17T00:20:12-0700 - 4.00 B
2014-03-17 07:20:12.279+0000 INFO  [o.n.k.i.DiagnosticsManager]:   - Total: 2014-03-17T00:20:12-0700 - 60.00 B
2014-03-17 07:20:12.279+0000 INFO  [o.n.k.i.DiagnosticsManager]:   lock: 2014-03-17T00:20:12-0700 - 0.00 B
2014-03-17 07:20:12.279+0000 INFO  [o.n.k.i.DiagnosticsManager]:   messages.log: 2014-03-17T00:20:12-0700 - 38.67 kB
2014-03-17 07:20:12.279+0000 INFO  [o.n.k.i.DiagnosticsManager]:   neostore: 2014-03-17T00:20:12-0700 - 54.00 B
2014-03-17 07:20:12.280+0000 INFO  [o.n.k.i.DiagnosticsManager]:   neostore.id: 2014-03-17T00:20:12-0700 - 9.00 B
2014-03-17 07:20:12.280+0000 INFO  [o.n.k.i.DiagnosticsManager]:   neostore.nodestore.db: 2014-03-17T00:20:11-0700 - 9.00 B
2014-03-17 07:20:12.280+0000 INFO  [o.n.k.i.DiagnosticsManager]:   neostore.nodestore.db.id: 2014-03-17T00:20:12-0700 - 9.00 B
2014-03-17 07:20:12.280+0000 INFO  [o.n.k.i.DiagnosticsManager]:   neostore.propertystore.db: 2014-03-17T00:20:11-0700 - 0.00 B
2014-03-17 07:20:12.281+0000 INFO  [o.n.k.i.DiagnosticsManager]:   neostore.propertystore.db.arrays: 2014-03-17T00:20:11-0700 - 128.00 B
2014-03-17 07:20:12.281+0000 INFO  [o.n.k.i.DiagnosticsManager]:   neostore.propertystore.db.arrays.id: 2014-03-17T00:20:12-0700 - 9.00 B
2014-03-17 07:20:12.281+0000 INFO  [o.n.k.i.DiagnosticsManager]:   neostore.propertystore.db.id: 2014-03-17T00:20:12-0700 - 9.00 B
2014-03-17 07:20:12.281+0000 INFO  [o.n.k.i.DiagnosticsManager]:   neostore.propertystore.db.index: 2014-03-17T00:20:11-0700 - 0.00 B
2014-03-17 07:20:12.282+0000 INFO  [o.n.k.i.DiagnosticsManager]:   neostore.propertystore.db.index.id: 2014-03-17T00:20:12-0700 - 9.00 B
2014-03-17 07:20:12.282+0000 INFO  [o.n.k.i.DiagnosticsManager]:   neostore.propertystore.db.index.keys: 2014-03-17T00:20:12-0700 - 38.00 B
2014-03-17 07:20:12.282+0000 INFO  [o.n.k.i.DiagnosticsManager]:   neostore.propertystore.db.index.keys.id: 2014-03-17T00:20:12-0700 - 9.00 B
2014-03-17 07:20:12.282+0000 INFO  [o.n.k.i.DiagnosticsManager]:   neostore.propertystore.db.strings: 2014-03-17T00:20:12-0700 - 128.00 B
2014-03-17 07:20:12.282+0000 INFO  [o.n.k.i.DiagnosticsManager]:   neostore.propertystore.db.strings.id: 2014-03-17T00:20:12-0700 - 9.00 B
2014-03-17 07:20:12.283+0000 INFO  [o.n.k.i.DiagnosticsManager]:   neostore.relationshipstore.db: 2014-03-17T00:20:12-0700 - 0.00 B
2014-03-17 07:20:12.283+0000 INFO  [o.n.k.i.DiagnosticsManager]:   neostore.relationshipstore.db.id: 2014-03-17T00:20:12-0700 - 9.00 B
2014-03-17 07:20:12.283+0000 INFO  [o.n.k.i.DiagnosticsManager]:   neostore.relationshiptypestore.db: 2014-03-17T00:20:12-0700 - 0.00 B
2014-03-17 07:20:12.283+0000 INFO  [o.n.k.i.DiagnosticsManager]:   neostore.relationshiptypestore.db.id: 2014-03-17T00:20:12-0700 - 9.00 B
2014-03-17 07:20:12.284+0000 INFO  [o.n.k.i.DiagnosticsManager]:   neostore.relationshiptypestore.db.names: 2014-03-17T00:20:12-0700 - 38.00 B
2014-03-17 07:20:12.284+0000 INFO  [o.n.k.i.DiagnosticsManager]:   neostore.relationshiptypestore.db.names.id: 2014-03-17T00:20:12-0700 - 9.00 B
2014-03-17 07:20:12.284+0000 INFO  [o.n.k.i.DiagnosticsManager]:   nioneo_logical.log.1: 2014-03-17T00:20:12-0700 - 16.00 B
2014-03-17 07:20:12.284+0000 INFO  [o.n.k.i.DiagnosticsManager]:   nioneo_logical.log.active: 2014-03-17T00:20:12-0700 - 4.00 B
2014-03-17 07:20:12.284+0000 INFO  [o.n.k.i.DiagnosticsManager]:   nioneo_logical.log.v0: 2014-03-17T00:20:12-0700 - 16.00 B
2014-03-17 07:20:12.285+0000 INFO  [o.n.k.i.DiagnosticsManager]:   store_lock: 2014-03-17T00:20:12-0700 - 0.00 B
2014-03-17 07:20:12.285+0000 INFO  [o.n.k.i.DiagnosticsManager]:   tm_tx_log.1: 2014-03-17T00:20:12-0700 - 0.00 B
2014-03-17 07:20:12.285+0000 INFO  [o.n.k.i.DiagnosticsManager]: --- STARTED diagnostics for KernelDiagnostics:StoreFiles END ---
2014-03-17 07:20:12.286+0000 INFO  [o.n.k.EmbeddedGraphDatabase]: GC Monitor started. 
2014-03-17 07:20:12.288+0000 INFO  [o.n.k.EmbeddedGraphDatabase]: Database is now ready
2014-03-17 07:20:12.293+0000 INFO  [o.n.k.EmbeddedGraphDatabase]: Shutdown started
2014-03-17 07:20:12.294+0000 INFO  [o.n.k.EmbeddedGraphDatabase]: Database is no longer ready
2014-03-17 07:20:12.294+0000 INFO  [o.n.k.EmbeddedGraphDatabase]: GC Monitor stopped. 
2014-03-17 07:20:12.299+0000 INFO  [o.n.k.i.t.x.XaLogicalLog]: Closed log /projects/test_projects_neo/neo4j-demo-app/neo4j_demo_app/db/ha_neo_2/temp-copy/index/lucene.log
2014-03-17 07:20:12.308+0000 INFO  [o.n.k.i.t.TxManager]: TM shutting down
2014-03-17 07:20:12.309+0000 INFO  [o.n.k.i.t.x.XaLogicalLog]: Closed log /projects/test_projects_neo/neo4j-demo-app/neo4j_demo_app/db/ha_neo_2/temp-copy/nioneo_logical.log
2014-03-17 07:20:12.310+0000 INFO  [o.n.k.i.n.s.StoreFactory]: /projects/test_projects_neo/neo4j-demo-app/neo4j_demo_app/db/ha_neo_2/temp-copy/neostore.relationshiptypestore.db.names hit=0 miss=0 switches=0 ooe=0
2014-03-17 07:20:12.311+0000 INFO  [o.n.k.i.n.s.StoreFactory]: /projects/test_projects_neo/neo4j-demo-app/neo4j_demo_app/db/ha_neo_2/temp-copy/neostore.relationshiptypestore.db hit=0 miss=0 switches=0 ooe=0
2014-03-17 07:20:12.313+0000 INFO  [o.n.k.i.n.s.StoreFactory]: /projects/test_projects_neo/neo4j-demo-app/neo4j_demo_app/db/ha_neo_2/temp-copy/neostore.propertystore.db.strings hit=0 miss=0 switches=0 ooe=0
2014-03-17 07:20:12.316+0000 INFO  [o.n.k.i.n.s.StoreFactory]: /projects/test_projects_neo/neo4j-demo-app/neo4j_demo_app/db/ha_neo_2/temp-copy/neostore.propertystore.db.index.keys hit=0 miss=0 switches=0 ooe=0
2014-03-17 07:20:12.318+0000 INFO  [o.n.k.i.n.s.StoreFactory]: /projects/test_projects_neo/neo4j-demo-app/neo4j_demo_app/db/ha_neo_2/temp-copy/neostore.propertystore.db.index hit=0 miss=1 switches=0 ooe=0
2014-03-17 07:20:12.320+0000 INFO  [o.n.k.i.n.s.StoreFactory]: /projects/test_projects_neo/neo4j-demo-app/neo4j_demo_app/db/ha_neo_2/temp-copy/neostore.propertystore.db.arrays hit=0 miss=0 switches=0 ooe=0
2014-03-17 07:20:12.322+0000 INFO  [o.n.k.i.n.s.StoreFactory]: /projects/test_projects_neo/neo4j-demo-app/neo4j_demo_app/db/ha_neo_2/temp-copy/neostore.propertystore.db hit=0 miss=0 switches=0 ooe=0
2014-03-17 07:20:12.325+0000 INFO  [o.n.k.i.n.s.StoreFactory]: /projects/test_projects_neo/neo4j-demo-app/neo4j_demo_app/db/ha_neo_2/temp-copy/neostore.relationshipstore.db hit=0 miss=0 switches=0 ooe=0
2014-03-17 07:20:12.327+0000 INFO  [o.n.k.i.n.s.StoreFactory]: /projects/test_projects_neo/neo4j-demo-app/neo4j_demo_app/db/ha_neo_2/temp-copy/neostore.nodestore.db hit=0 miss=0 switches=0 ooe=0
2014-03-17 07:20:12.329+0000 INFO  [o.n.k.i.n.s.StoreFactory]: /projects/test_projects_neo/neo4j-demo-app/neo4j_demo_app/db/ha_neo_2/temp-copy/neostore hit=0 miss=16 switches=0 ooe=0
2014-03-17 07:20:12.332+0000 INFO  [o.n.k.i.n.x.NeoStoreXaDataSource]: NeoStore closed
2014-03-17 07:20:12.332+0000 INFO  [o.n.k.i.DiagnosticsManager]: --- STOPPING diagnostics START ---
2014-03-17 07:20:12.332+0000 INFO  [o.n.k.i.DiagnosticsManager]: --- STOPPING diagnostics END ---
